[22:25:27] [ServerMain/INFO]: Environment: authHost='https://authserver.mojang.com', accountsHost='https://api.mojang.com', sessionHost='https://sessionserver.mojang.com', servicesHost='https://api.minecraftservices.com', name='PROD'
[22:25:28] [ServerMain/INFO]: Loaded 7 recipes
[22:25:29] [ServerMain/INFO]: Loaded 1179 advancements
[22:25:29] [Server thread/INFO]: Starting minecraft server version 1.19.4
[22:25:29] [Server thread/INFO]: Loading properties
[22:25:29] [Server thread/INFO]: Default game type: SURVIVAL
[22:25:29] [Server thread/INFO]: Generating keypair
[22:25:29] [Server console handler/ERROR]: Exception handling console input
java.io.IOException: The handle is invalid
	at java.io.FileInputStream.readBytes(Native Method) ~[?:?]
	at java.io.FileInputStream.read(FileInputStream.java:293) ~[?:?]
	at java.io.BufferedInputStream.read1(BufferedInputStream.java:308) ~[?:?]
	at java.io.BufferedInputStream.implRead(BufferedInputStream.java:382) ~[?:?]
	at java.io.BufferedInputStream.read(BufferedInputStream.java:361) ~[?:?]
	at sun.nio.cs.StreamDecoder.readBytes(StreamDecoder.java:333) ~[?:?]
	at sun.nio.cs.StreamDecoder.implRead(StreamDecoder.java:376) ~[?:?]
	at sun.nio.cs.StreamDecoder.lockedRead(StreamDecoder.java:219) ~[?:?]
	at sun.nio.cs.StreamDecoder.read(StreamDecoder.java:173) ~[?:?]
	at java.io.InputStreamReader.read(InputStreamReader.java:189) ~[?:?]
	at java.io.BufferedReader.fill(BufferedReader.java:161) ~[?:?]
	at java.io.BufferedReader.implReadLine(BufferedReader.java:371) ~[?:?]
	at java.io.BufferedReader.readLine(BufferedReader.java:348) ~[?:?]
	at java.io.BufferedReader.readLine(BufferedReader.java:437) ~[?:?]
	at ahq$1.run(SourceFile:89) ~[server-1.19.4.jar:?]
[22:25:29] [Server thread/INFO]: Starting Minecraft server on *:500
[22:25:29] [Server thread/INFO]: Using default channel type
[22:25:30] [Server thread/WARN]: **** SERVER IS RUNNING IN OFFLINE/INSECURE MODE!
[22:25:30] [Server thread/WARN]: The server will make no attempt to authenticate usernames. Beware.
[22:25:30] [Server thread/WARN]: While this makes the game possible to play without internet access, it also opens up the ability for hackers to connect with any username they choose.
[22:25:30] [Server thread/WARN]: To change this, set "online-mode" to "true" in the server.properties file.
[22:25:30] [Server thread/INFO]: Preparing level "world"
[22:25:30] [Server thread/INFO]: Preparing start region for dimension minecraft:overworld
[22:25:32] [Worker-Main-13/INFO]: Preparing spawn area: 0%
[22:25:32] [Worker-Main-13/INFO]: Preparing spawn area: 0%
[22:25:32] [Worker-Main-13/INFO]: Preparing spawn area: 0%
[22:25:32] [Worker-Main-13/INFO]: Preparing spawn area: 0%
[22:25:32] [Worker-Main-5/INFO]: Preparing spawn area: 0%
[22:25:33] [Worker-Main-2/INFO]: Preparing spawn area: 93%
[22:25:33] [Server thread/INFO]: Time elapsed: 2526 ms
[22:25:33] [Server thread/INFO]: Done (3.175s)! For help, type "help"
[22:45:04] [Server thread/INFO]: Stopping server
[22:45:04] [Server thread/INFO]: Saving players
[22:45:04] [Server thread/INFO]: Saving worlds
[22:45:04] [Server thread/INFO]: Saving chunks for level 'ServerLevel[world]'/minecraft:overworld
[22:45:05] [Server thread/INFO]: Saving chunks for level 'ServerLevel[world]'/minecraft:the_end
[22:45:05] [Server thread/INFO]: Saving chunks for level 'ServerLevel[world]'/minecraft:the_nether
[22:45:05] [Server thread/INFO]: ThreadedAnvilChunkStorage (world): All chunks are saved
[22:45:05] [Server thread/INFO]: ThreadedAnvilChunkStorage (DIM1): All chunks are saved
[22:45:05] [Server thread/INFO]: ThreadedAnvilChunkStorage (DIM-1): All chunks are saved
[22:45:05] [Server thread/INFO]: ThreadedAnvilChunkStorage: All dimensions are saved
