[22:55:27] [ServerMain/INFO]: Environment: authHost='https://authserver.mojang.com', accountsHost='https://api.mojang.com', sessionHost='https://sessionserver.mojang.com', servicesHost='https://api.minecraftservices.com', name='PROD'
[22:55:28] [ServerMain/INFO]: Loaded 7 recipes
[22:55:29] [ServerMain/INFO]: Loaded 1179 advancements
[22:55:30] [Server thread/INFO]: Starting minecraft server version 1.19.4
[22:55:30] [Server thread/INFO]: Loading properties
[22:55:30] [Server thread/INFO]: Default game type: SURVIVAL
[22:55:30] [Server thread/INFO]: Generating keypair
[22:55:30] [Server console handler/ERROR]: Exception handling console input
java.io.IOException: The handle is invalid
	at java.io.FileInputStream.readBytes(Native Method) ~[?:?]
	at java.io.FileInputStream.read(FileInputStream.java:293) ~[?:?]
	at java.io.BufferedInputStream.read1(BufferedInputStream.java:308) ~[?:?]
	at java.io.BufferedInputStream.implRead(BufferedInputStream.java:382) ~[?:?]
	at java.io.BufferedInputStream.read(BufferedInputStream.java:361) ~[?:?]
	at sun.nio.cs.StreamDecoder.readBytes(StreamDecoder.java:333) ~[?:?]
	at sun.nio.cs.StreamDecoder.implRead(StreamDecoder.java:376) ~[?:?]
	at sun.nio.cs.StreamDecoder.lockedRead(StreamDecoder.java:219) ~[?:?]
	at sun.nio.cs.StreamDecoder.read(StreamDecoder.java:173) ~[?:?]
	at java.io.InputStreamReader.read(InputStreamReader.java:189) ~[?:?]
	at java.io.BufferedReader.fill(BufferedReader.java:161) ~[?:?]
	at java.io.BufferedReader.implReadLine(BufferedReader.java:371) ~[?:?]
	at java.io.BufferedReader.readLine(BufferedReader.java:348) ~[?:?]
	at java.io.BufferedReader.readLine(BufferedReader.java:437) ~[?:?]
	at ahq$1.run(SourceFile:89) ~[server-1.19.4.jar:?]
[22:55:30] [Server thread/INFO]: Starting Minecraft server on *:1000
[22:55:30] [Server thread/INFO]: Using default channel type
[22:55:30] [Server thread/WARN]: **** SERVER IS RUNNING IN OFFLINE/INSECURE MODE!
[22:55:30] [Server thread/WARN]: The server will make no attempt to authenticate usernames. Beware.
[22:55:30] [Server thread/WARN]: While this makes the game possible to play without internet access, it also opens up the ability for hackers to connect with any username they choose.
[22:55:30] [Server thread/WARN]: To change this, set "online-mode" to "true" in the server.properties file.
[22:55:30] [Server thread/INFO]: Preparing level "world"
[22:55:31] [Server thread/INFO]: Preparing start region for dimension minecraft:overworld
[22:55:33] [Worker-Main-10/INFO]: Preparing spawn area: 0%
[22:55:33] [Worker-Main-14/INFO]: Preparing spawn area: 0%
[22:55:33] [Worker-Main-14/INFO]: Preparing spawn area: 0%
[22:55:33] [Worker-Main-10/INFO]: Preparing spawn area: 0%
[22:55:33] [Worker-Main-7/INFO]: Preparing spawn area: 0%
[22:55:33] [Worker-Main-7/INFO]: Preparing spawn area: 0%
[22:55:34] [Worker-Main-8/INFO]: Preparing spawn area: 32%
[22:55:34] [Server thread/INFO]: Time elapsed: 3319 ms
[22:55:34] [Server thread/INFO]: Done (4.289s)! For help, type "help"
[22:55:35] [Server thread/INFO]: ThorD125[/127.0.0.1:63575] logged in with entity id 172 at (6.072944407077262, 72.0, -27.593038519672042)
[22:55:35] [Server thread/INFO]: ThorD125 joined the game
[22:55:38] [Server thread/INFO]: ThorD125 lost connection: Disconnected
[22:55:38] [Server thread/INFO]: ThorD125 left the game
[22:57:26] [Server thread/INFO]: ThorD125[/127.0.0.1:63695] logged in with entity id 204 at (6.072944407077262, 72.0, -27.593038519672042)
[22:57:26] [Server thread/INFO]: ThorD125 joined the game
[22:57:29] [Server thread/INFO]: ThorD125 lost connection: Disconnected
[22:57:29] [Server thread/INFO]: ThorD125 left the game
[23:00:45] [Server thread/INFO]: ThorD125[/127.0.0.1:63820] logged in with entity id 233 at (6.072944407077262, 72.0, -27.593038519672042)
[23:00:45] [Server thread/INFO]: ThorD125 joined the game
[23:00:48] [Server thread/INFO]: ThorD125 lost connection: Disconnected
[23:00:48] [Server thread/INFO]: ThorD125 left the game
[23:20:01] [Server thread/INFO]: ThorD125[/127.0.0.1:58274] logged in with entity id 265 at (6.072944407077262, 72.0, -27.593038519672042)
[23:20:01] [Server thread/INFO]: ThorD125 joined the game
[23:20:11] [Server thread/INFO]: [ThorD125: Set own game mode to Survival Mode]
[23:20:15] [Server thread/INFO]: ThorD125 lost connection: Disconnected
[23:20:15] [Server thread/INFO]: ThorD125 left the game
[23:22:00] [Server thread/INFO]: ThorD125[/127.0.0.1:58405] logged in with entity id 317 at (6.072944407077262, 72.0, -27.593038519672042)
[23:22:00] [Server thread/INFO]: ThorD125 joined the game
[23:22:09] [Server thread/INFO]: ThorD125 lost connection: Disconnected
[23:22:09] [Server thread/INFO]: ThorD125 left the game
[23:22:46] [Server thread/INFO]: ThorD125[/127.0.0.1:58500] logged in with entity id 364 at (9.585993137166778, 72.0, -28.57884929767509)
[23:22:46] [Server thread/INFO]: ThorD125 joined the game
[23:22:59] [Server thread/INFO]: ThorD125 lost connection: Disconnected
[23:22:59] [Server thread/INFO]: ThorD125 left the game
[23:23:35] [Server thread/INFO]: ThorD125[/127.0.0.1:58603] logged in with entity id 441 at (14.617278014108916, 72.0, -28.294323995731816)
[23:23:35] [Server thread/INFO]: ThorD125 joined the game
[23:23:38] [Server thread/INFO]: ThorD125 lost connection: Disconnected
[23:23:38] [Server thread/INFO]: ThorD125 left the game
[23:24:11] [Server thread/INFO]: ThorD125[/127.0.0.1:58707] logged in with entity id 484 at (14.617278014108916, 72.0, -28.294323995731816)
[23:24:11] [Server thread/INFO]: ThorD125 joined the game
[23:24:14] [Server thread/INFO]: ThorD125 lost connection: Disconnected
[23:24:14] [Server thread/INFO]: ThorD125 left the game
[23:24:45] [Server thread/INFO]: ThorD125[/127.0.0.1:58853] logged in with entity id 519 at (14.617278014108916, 72.0, -28.294323995731816)
[23:24:45] [Server thread/INFO]: ThorD125 joined the game
[23:24:47] [Server thread/INFO]: ThorD125 lost connection: Disconnected
[23:24:47] [Server thread/INFO]: ThorD125 left the game
[23:27:50] [Server thread/INFO]: ThorD125[/127.0.0.1:59116] logged in with entity id 553 at (14.617278014108916, 72.0, -28.294323995731816)
[23:27:50] [Server thread/INFO]: ThorD125 joined the game
[23:29:22] [Server thread/INFO]: ThorD125 lost connection: Disconnected
[23:29:22] [Server thread/INFO]: ThorD125 left the game
[23:29:42] [Server thread/INFO]: ThorD125[/127.0.0.1:59205] logged in with entity id 823 at (5.473171355908302, 72.0, -25.157204390015362)
[23:29:42] [Server thread/INFO]: ThorD125 joined the game
[23:29:51] [Server thread/INFO]: ThorD125 lost connection: Disconnected
[23:29:51] [Server thread/INFO]: ThorD125 left the game
[23:31:01] [Server thread/INFO]: ThorD125[/127.0.0.1:59310] logged in with entity id 875 at (5.473171355908302, 72.0, -25.157204390015362)
[23:31:01] [Server thread/INFO]: ThorD125 joined the game
[23:31:16] [Server thread/INFO]: ThorD125 lost connection: Disconnected
[23:31:16] [Server thread/INFO]: ThorD125 left the game
[23:31:24] [Server thread/INFO]: ThorD125[/127.0.0.1:59320] logged in with entity id 943 at (5.470505500961568, 72.0, -24.51623403835429)
[23:31:24] [Server thread/INFO]: ThorD125 joined the game
[23:32:19] [Server thread/INFO]: ThorD125 lost connection: Disconnected
[23:32:19] [Server thread/INFO]: ThorD125 left the game
[23:33:02] [Server thread/INFO]: ThorD125[/127.0.0.1:59408] logged in with entity id 1102 at (6.44598911837471, 72.0, -26.974053079272238)
[23:33:02] [Server thread/INFO]: ThorD125 joined the game
[23:33:31] [Server thread/INFO]: ThorD125 lost connection: Disconnected
[23:33:31] [Server thread/INFO]: ThorD125 left the game
[23:40:21] [Server thread/INFO]: ThorD125[/127.0.0.1:59546] logged in with entity id 1188 at (6.44598911837471, 72.0, -26.974053079272238)
[23:40:21] [Server thread/INFO]: ThorD125 joined the game
[23:40:32] [Server thread/INFO]: ThorD125 lost connection: Disconnected
[23:40:32] [Server thread/INFO]: ThorD125 left the game
[23:40:35] [Server thread/INFO]: ThorD125[/127.0.0.1:59553] logged in with entity id 1239 at (6.44598911837471, 72.0, -26.974053079272238)
[23:40:35] [Server thread/INFO]: ThorD125 joined the game
[23:40:37] [Server thread/INFO]: ThorD125 lost connection: Disconnected
[23:40:37] [Server thread/INFO]: ThorD125 left the game
[23:41:24] [Server thread/INFO]: ThorD125[/127.0.0.1:62777] logged in with entity id 1268 at (6.44598911837471, 72.0, -26.974053079272238)
[23:41:24] [Server thread/INFO]: ThorD125 joined the game
[23:41:27] [Server thread/INFO]: ThorD125 lost connection: Disconnected
[23:41:27] [Server thread/INFO]: ThorD125 left the game
[23:53:06] [Server thread/INFO]: Stopping server
[23:53:06] [Server thread/INFO]: Saving players
[23:53:06] [Server thread/INFO]: Saving worlds
[23:53:06] [Server thread/INFO]: Saving chunks for level 'ServerLevel[world]'/minecraft:overworld
[23:53:06] [Server thread/INFO]: Saving chunks for level 'ServerLevel[world]'/minecraft:the_end
[23:53:06] [Server thread/INFO]: Saving chunks for level 'ServerLevel[world]'/minecraft:the_nether
[23:53:06] [Server thread/INFO]: ThreadedAnvilChunkStorage (world): All chunks are saved
[23:53:06] [Server thread/INFO]: ThreadedAnvilChunkStorage (DIM1): All chunks are saved
[23:53:06] [Server thread/INFO]: ThreadedAnvilChunkStorage (DIM-1): All chunks are saved
[23:53:06] [Server thread/INFO]: ThreadedAnvilChunkStorage: All dimensions are saved
